2015/12/29 19:53:17 [error] [exception.CHttpException.404] exception 'CHttpException' with message 'Unable to resolve the request "tpl/default/demo/dashboard.html".' in C:\xampp\htdocs\donation\framework\web\CWebApplication.php:286
Stack trace:
#0 C:\xampp\htdocs\donation\framework\web\CWebApplication.php(141): CWebApplication->runController('tpl/default/dem...')
#1 C:\xampp\htdocs\donation\framework\base\CApplication.php(184): CWebApplication->processRequest()
#2 C:\xampp\htdocs\donation\index.php(13): CApplication->run()
#3 {main}
REQUEST_URI=/donation/tpl/demo/dashboard.html
HTTP_REFERER=http://localhost/donation/user
---
2015/12/29 19:53:24 [error] [exception.CHttpException.404] exception 'CHttpException' with message 'The system is unable to find the requested action "tpl".' in C:\xampp\htdocs\donation\framework\web\CController.php:483
Stack trace:
#0 C:\xampp\htdocs\donation\framework\web\CController.php(270): CController->missingAction('tpl')
#1 C:\xampp\htdocs\donation\framework\web\CWebApplication.php(282): CController->run('tpl')
#2 C:\xampp\htdocs\donation\framework\web\CWebApplication.php(141): CWebApplication->runController('user/default/tp...')
#3 C:\xampp\htdocs\donation\framework\base\CApplication.php(184): CWebApplication->processRequest()
#4 C:\xampp\htdocs\donation\index.php(13): CApplication->run()
#5 {main}
REQUEST_URI=/donation/index.php/user/default/tpl/demo/dashboard.html
HTTP_REFERER=http://localhost/donation/index.php/user/default/accountsummary
---
2015/12/29 19:53:31 [error] [exception.CHttpException.404] exception 'CHttpException' with message 'The system is unable to find the requested action "tpl".' in C:\xampp\htdocs\donation\framework\web\CController.php:483
Stack trace:
#0 C:\xampp\htdocs\donation\framework\web\CController.php(270): CController->missingAction('tpl')
#1 C:\xampp\htdocs\donation\framework\web\CWebApplication.php(282): CController->run('tpl')
#2 C:\xampp\htdocs\donation\framework\web\CWebApplication.php(141): CWebApplication->runController('user/donate/tpl...')
#3 C:\xampp\htdocs\donation\framework\base\CApplication.php(184): CWebApplication->processRequest()
#4 C:\xampp\htdocs\donation\index.php(13): CApplication->run()
#5 {main}
REQUEST_URI=/donation/user/donate/tpl/demo/dashboard.html
HTTP_REFERER=http://localhost/donation/user/donate/step1
---
2015/12/29 19:54:01 [error] [exception.CHttpException.404] exception 'CHttpException' with message 'The system is unable to find the requested action "tpl".' in C:\xampp\htdocs\donation\framework\web\CController.php:483
Stack trace:
#0 C:\xampp\htdocs\donation\framework\web\CController.php(270): CController->missingAction('tpl')
#1 C:\xampp\htdocs\donation\framework\web\CWebApplication.php(282): CController->run('tpl')
#2 C:\xampp\htdocs\donation\framework\web\CWebApplication.php(141): CWebApplication->runController('user/donate/tpl...')
#3 C:\xampp\htdocs\donation\framework\base\CApplication.php(184): CWebApplication->processRequest()
#4 C:\xampp\htdocs\donation\index.php(13): CApplication->run()
#5 {main}
REQUEST_URI=/donation/user/donate/tpl/demo/dashboard.html
HTTP_REFERER=http://localhost/donation/user/donate/step1
---
2015/12/29 19:54:26 [error] [system.db.CDbCommand] CDbCommand::fetch() failed: SQLSTATE[42000]: Syntax error or access violation: 1064 You have an error in your SQL syntax; check the manual that corresponds to your MySQL server version for the right syntax to use near 'IN-RD-001  LIMIT 1' at line 1. The SQL statement executed was: SELECT * FROM `visits` `t` WHERE visit_code = NK-IN-RD-001  LIMIT 1.
in C:\xampp\htdocs\donation\protected\modules\user\models\Step1.php (21)
in C:\xampp\htdocs\donation\protected\modules\user\controllers\DonateController.php (15)
in C:\xampp\htdocs\donation\index.php (13)
2015/12/29 19:54:26 [error] [exception.CDbException] exception 'CDbException' with message 'CDbCommand failed to execute the SQL statement: SQLSTATE[42000]: Syntax error or access violation: 1064 You have an error in your SQL syntax; check the manual that corresponds to your MySQL server version for the right syntax to use near 'IN-RD-001  LIMIT 1' at line 1. The SQL statement executed was: SELECT * FROM `visits` `t` WHERE visit_code = NK-IN-RD-001  LIMIT 1' in C:\xampp\htdocs\donation\framework\db\CDbCommand.php:543
Stack trace:
#0 C:\xampp\htdocs\donation\framework\db\CDbCommand.php(415): CDbCommand->queryInternal('fetch', Array, Array)
#1 C:\xampp\htdocs\donation\framework\db\ar\CActiveRecord.php(1356): CDbCommand->queryRow()
#2 C:\xampp\htdocs\donation\framework\db\ar\CActiveRecord.php(1461): CActiveRecord->query(Object(CDbCriteria))
#3 C:\xampp\htdocs\donation\protected\modules\user\models\Step1.php(21): CActiveRecord->find(Array)
#4 C:\xampp\htdocs\donation\framework\validators\CInlineValidator.php(42): Step1->checkVisitCode('visit_code', Array)
#5 C:\xampp\htdocs\donation\framework\validators\CValidator.php(201): CInlineValidator->validateAttribute(Object(Step1), 'visit_code')
#6 C:\xampp\htdocs\donation\framework\base\CModel.php(159): CValidator->validate(Object(Step1), NULL)
#7 C:\xampp\htdocs\donation\protected\modules\user\controllers\DonateController.php(15): CModel->validate()
#8 C:\xampp\htdocs\donation\framework\web\actions\CInlineAction.php(49): DonateController->actionStep1()
#9 C:\xampp\htdocs\donation\framework\web\CController.php(308): CInlineAction->runWithParams(Array)
#10 C:\xampp\htdocs\donation\framework\web\CController.php(286): CController->runAction(Object(CInlineAction))
#11 C:\xampp\htdocs\donation\framework\web\CController.php(265): CController->runActionWithFilters(Object(CInlineAction), Array)
#12 C:\xampp\htdocs\donation\framework\web\CWebApplication.php(282): CController->run('step1')
#13 C:\xampp\htdocs\donation\framework\web\CWebApplication.php(141): CWebApplication->runController('user/donate/ste...')
#14 C:\xampp\htdocs\donation\framework\base\CApplication.php(184): CWebApplication->processRequest()
#15 C:\xampp\htdocs\donation\index.php(13): CApplication->run()
#16 {main}
REQUEST_URI=/donation/user/donate/step1
HTTP_REFERER=http://localhost/donation/user/donate/step1
---
2015/12/29 19:57:52 [error] [exception.CHttpException.404] exception 'CHttpException' with message 'The system is unable to find the requested action "tpl".' in C:\xampp\htdocs\donation\framework\web\CController.php:483
Stack trace:
#0 C:\xampp\htdocs\donation\framework\web\CController.php(270): CController->missingAction('tpl')
#1 C:\xampp\htdocs\donation\framework\web\CWebApplication.php(282): CController->run('tpl')
#2 C:\xampp\htdocs\donation\framework\web\CWebApplication.php(141): CWebApplication->runController('user/donate/tpl...')
#3 C:\xampp\htdocs\donation\framework\base\CApplication.php(184): CWebApplication->processRequest()
#4 C:\xampp\htdocs\donation\index.php(13): CApplication->run()
#5 {main}
REQUEST_URI=/donation/index.php/user/donate/tpl/demo/dashboard.html
HTTP_REFERER=http://localhost/donation/index.php/user/donate/step2
---
2015/12/29 19:57:58 [error] [exception.CHttpException.404] exception 'CHttpException' with message 'The system is unable to find the requested action "tpl".' in C:\xampp\htdocs\donation\framework\web\CController.php:483
Stack trace:
#0 C:\xampp\htdocs\donation\framework\web\CController.php(270): CController->missingAction('tpl')
#1 C:\xampp\htdocs\donation\framework\web\CWebApplication.php(282): CController->run('tpl')
#2 C:\xampp\htdocs\donation\framework\web\CWebApplication.php(141): CWebApplication->runController('user/donate/tpl...')
#3 C:\xampp\htdocs\donation\framework\base\CApplication.php(184): CWebApplication->processRequest()
#4 C:\xampp\htdocs\donation\index.php(13): CApplication->run()
#5 {main}
REQUEST_URI=/donation/user/donate/tpl/demo/dashboard.html
HTTP_REFERER=http://localhost/donation/user/donate/step3
---
2015/12/29 19:58:05 [warning] [application] Failed to set unsafe attribute "message" of "Step3".
in C:\xampp\htdocs\donation\protected\modules\user\controllers\DonateController.php (49)
in C:\xampp\htdocs\donation\index.php (13)
2015/12/29 19:58:06 [error] [exception.CHttpException.404] exception 'CHttpException' with message 'The system is unable to find the requested action "tpl".' in C:\xampp\htdocs\donation\framework\web\CController.php:483
Stack trace:
#0 C:\xampp\htdocs\donation\framework\web\CController.php(270): CController->missingAction('tpl')
#1 C:\xampp\htdocs\donation\framework\web\CWebApplication.php(282): CController->run('tpl')
#2 C:\xampp\htdocs\donation\framework\web\CWebApplication.php(141): CWebApplication->runController('user/default/tp...')
#3 C:\xampp\htdocs\donation\framework\base\CApplication.php(184): CWebApplication->processRequest()
#4 C:\xampp\htdocs\donation\index.php(13): CApplication->run()
#5 {main}
REQUEST_URI=/donation/index.php/user/default/tpl/demo/dashboard.html
HTTP_REFERER=http://localhost/donation/index.php/user/default/accountSummary
---
2015/12/29 19:58:12 [error] [exception.CHttpException.404] exception 'CHttpException' with message 'The system is unable to find the requested action "tpl".' in C:\xampp\htdocs\donation\framework\web\CController.php:483
Stack trace:
#0 C:\xampp\htdocs\donation\framework\web\CController.php(270): CController->missingAction('tpl')
#1 C:\xampp\htdocs\donation\framework\web\CWebApplication.php(282): CController->run('tpl')
#2 C:\xampp\htdocs\donation\framework\web\CWebApplication.php(141): CWebApplication->runController('solicitor/searc...')
#3 C:\xampp\htdocs\donation\framework\base\CApplication.php(184): CWebApplication->processRequest()
#4 C:\xampp\htdocs\donation\index.php(13): CApplication->run()
#5 {main}
REQUEST_URI=/donation/solicitor/search/tpl/demo/dashboard.html
HTTP_REFERER=http://localhost/donation/solicitor/search/step1
---
2015/12/29 19:58:19 [error] [exception.CHttpException.404] exception 'CHttpException' with message 'The system is unable to find the requested action "tpl".' in C:\xampp\htdocs\donation\framework\web\CController.php:483
Stack trace:
#0 C:\xampp\htdocs\donation\framework\web\CController.php(270): CController->missingAction('tpl')
#1 C:\xampp\htdocs\donation\framework\web\CWebApplication.php(282): CController->run('tpl')
#2 C:\xampp\htdocs\donation\framework\web\CWebApplication.php(141): CWebApplication->runController('solicitor/searc...')
#3 C:\xampp\htdocs\donation\framework\base\CApplication.php(184): CWebApplication->processRequest()
#4 C:\xampp\htdocs\donation\index.php(13): CApplication->run()
#5 {main}
REQUEST_URI=/donation/index.php/solicitor/search/tpl/demo/dashboard.html
HTTP_REFERER=http://localhost/donation/index.php/solicitor/search/step2
---
2015/12/29 19:58:24 [error] [exception.CHttpException.404] exception 'CHttpException' with message 'The system is unable to find the requested action "tpl".' in C:\xampp\htdocs\donation\framework\web\CController.php:483
Stack trace:
#0 C:\xampp\htdocs\donation\framework\web\CController.php(270): CController->missingAction('tpl')
#1 C:\xampp\htdocs\donation\framework\web\CWebApplication.php(282): CController->run('tpl')
#2 C:\xampp\htdocs\donation\framework\web\CWebApplication.php(141): CWebApplication->runController('solicitor/searc...')
#3 C:\xampp\htdocs\donation\framework\base\CApplication.php(184): CWebApplication->processRequest()
#4 C:\xampp\htdocs\donation\index.php(13): CApplication->run()
#5 {main}
REQUEST_URI=/donation/solicitor/search/tpl/demo/dashboard.html
HTTP_REFERER=http://localhost/donation/solicitor/search/step3?id=cc78c057-efca-b886-1f5b-564a2cdbae78
---
2015/12/29 19:58:27 [error] [exception.CHttpException.404] exception 'CHttpException' with message 'The system is unable to find the requested action "tpl".' in C:\xampp\htdocs\donation\framework\web\CController.php:483
Stack trace:
#0 C:\xampp\htdocs\donation\framework\web\CController.php(270): CController->missingAction('tpl')
#1 C:\xampp\htdocs\donation\framework\web\CWebApplication.php(282): CController->run('tpl')
#2 C:\xampp\htdocs\donation\framework\web\CWebApplication.php(141): CWebApplication->runController('user/donate/tpl...')
#3 C:\xampp\htdocs\donation\framework\base\CApplication.php(184): CWebApplication->processRequest()
#4 C:\xampp\htdocs\donation\index.php(13): CApplication->run()
#5 {main}
REQUEST_URI=/donation/user/donate/tpl/demo/dashboard.html
HTTP_REFERER=http://localhost/donation/user/donate/step2
---
2015/12/29 19:58:33 [error] [exception.CHttpException.404] exception 'CHttpException' with message 'The system is unable to find the requested action "tpl".' in C:\xampp\htdocs\donation\framework\web\CController.php:483
Stack trace:
#0 C:\xampp\htdocs\donation\framework\web\CController.php(270): CController->missingAction('tpl')
#1 C:\xampp\htdocs\donation\framework\web\CWebApplication.php(282): CController->run('tpl')
#2 C:\xampp\htdocs\donation\framework\web\CWebApplication.php(141): CWebApplication->runController('user/donate/tpl...')
#3 C:\xampp\htdocs\donation\framework\base\CApplication.php(184): CWebApplication->processRequest()
#4 C:\xampp\htdocs\donation\index.php(13): CApplication->run()
#5 {main}
REQUEST_URI=/donation/user/donate/tpl/demo/dashboard.html
HTTP_REFERER=http://localhost/donation/user/donate/step3
---
2015/12/29 19:58:37 [warning] [application] Failed to set unsafe attribute "message" of "Step3".
in C:\xampp\htdocs\donation\protected\modules\user\controllers\DonateController.php (49)
in C:\xampp\htdocs\donation\index.php (13)
2015/12/29 19:58:39 [error] [exception.CHttpException.404] exception 'CHttpException' with message 'The system is unable to find the requested action "tpl".' in C:\xampp\htdocs\donation\framework\web\CController.php:483
Stack trace:
#0 C:\xampp\htdocs\donation\framework\web\CController.php(270): CController->missingAction('tpl')
#1 C:\xampp\htdocs\donation\framework\web\CWebApplication.php(282): CController->run('tpl')
#2 C:\xampp\htdocs\donation\framework\web\CWebApplication.php(141): CWebApplication->runController('user/default/tp...')
#3 C:\xampp\htdocs\donation\framework\base\CApplication.php(184): CWebApplication->processRequest()
#4 C:\xampp\htdocs\donation\index.php(13): CApplication->run()
#5 {main}
REQUEST_URI=/donation/index.php/user/default/tpl/demo/dashboard.html
HTTP_REFERER=http://localhost/donation/index.php/user/default/accountSummary
---
2015/12/29 20:00:45 [error] [exception.CHttpException.404] exception 'CHttpException' with message 'The system is unable to find the requested action "tpl".' in C:\xampp\htdocs\donation\framework\web\CController.php:483
Stack trace:
#0 C:\xampp\htdocs\donation\framework\web\CController.php(270): CController->missingAction('tpl')
#1 C:\xampp\htdocs\donation\framework\web\CWebApplication.php(282): CController->run('tpl')
#2 C:\xampp\htdocs\donation\framework\web\CWebApplication.php(141): CWebApplication->runController('user/default/tp...')
#3 C:\xampp\htdocs\donation\framework\base\CApplication.php(184): CWebApplication->processRequest()
#4 C:\xampp\htdocs\donation\index.php(13): CApplication->run()
#5 {main}
REQUEST_URI=/donation/index.php/user/default/tpl/demo/dashboard.html
HTTP_REFERER=http://localhost/donation/index.php/user/default/login
---
2015/12/29 20:00:48 [error] [exception.CHttpException.404] exception 'CHttpException' with message 'The system is unable to find the requested action "tpl".' in C:\xampp\htdocs\donation\framework\web\CController.php:483
Stack trace:
#0 C:\xampp\htdocs\donation\framework\web\CController.php(270): CController->missingAction('tpl')
#1 C:\xampp\htdocs\donation\framework\web\CWebApplication.php(282): CController->run('tpl')
#2 C:\xampp\htdocs\donation\framework\web\CWebApplication.php(141): CWebApplication->runController('user/default/tp...')
#3 C:\xampp\htdocs\donation\framework\base\CApplication.php(184): CWebApplication->processRequest()
#4 C:\xampp\htdocs\donation\index.php(13): CApplication->run()
#5 {main}
REQUEST_URI=/donation/user/default/tpl/demo/dashboard.html
HTTP_REFERER=http://localhost/donation/user/default/register
---
2015/12/29 20:00:58 [error] [exception.CHttpException.404] exception 'CHttpException' with message 'The system is unable to find the requested action "tpl".' in C:\xampp\htdocs\donation\framework\web\CController.php:483
Stack trace:
#0 C:\xampp\htdocs\donation\framework\web\CController.php(270): CController->missingAction('tpl')
#1 C:\xampp\htdocs\donation\framework\web\CWebApplication.php(282): CController->run('tpl')
#2 C:\xampp\htdocs\donation\framework\web\CWebApplication.php(141): CWebApplication->runController('user/default/tp...')
#3 C:\xampp\htdocs\donation\framework\base\CApplication.php(184): CWebApplication->processRequest()
#4 C:\xampp\htdocs\donation\index.php(13): CApplication->run()
#5 {main}
REQUEST_URI=/donation/index.php/user/default/tpl/demo/dashboard.html
HTTP_REFERER=http://localhost/donation/index.php/user/default/login
---
2015/12/31 21:06:57 [error] [exception.CException] exception 'CException' with message 'VisitsController and its behaviors do not have a method or closure named "gridUser".' in C:\xampp\htdocs\donation\framework\base\CComponent.php:266
Stack trace:
#0 [internal function]: CComponent->__call('gridUser', Array)
#1 [internal function]: VisitsController->gridUser(Object(Donation), 0, Object(CDataColumn))
#2 C:\xampp\htdocs\donation\framework\base\CComponent.php(617): call_user_func_array(Array, Array)
#3 C:\xampp\htdocs\donation\framework\zii\widgets\grid\CDataColumn.php(142): CComponent->evaluateExpression(Array, Array)
#4 C:\xampp\htdocs\donation\framework\zii\widgets\grid\CGridColumn.php(231): CDataColumn->getDataCellContent(0)
#5 C:\xampp\htdocs\donation\framework\zii\widgets\grid\CGridColumn.php(154): CGridColumn->renderDataCellContent(0, Object(Donation))
#6 C:\xampp\htdocs\donation\framework\zii\widgets\grid\CGridView.php(638): CGridColumn->renderDataCell(0)
#7 C:\xampp\htdocs\donation\framework\zii\widgets\grid\CGridView.php(622): CGridView->renderDataCell(Object(CDataColumn), 0)
#8 C:\xampp\htdocs\donation\framework\zii\widgets\grid\CGridView.php(578): CGridView->renderTableRow(0)
#9 C:\xampp\htdocs\donation\framework\zii\widgets\grid\CGridView.php(488): CGridView->renderTableBody()
#10 C:\xampp\htdocs\donation\framework\zii\widgets\CBaseListView.php(181): CGridView->renderItems()
#11 [internal function]: CBaseListView->renderSection(Array)
#12 C:\xampp\htdocs\donation\framework\zii\widgets\CBaseListView.php(164): preg_replace_callback('/{(\w+)}/', Array, '{summary}?{item...')
#13 C:\xampp\htdocs\donation\framework\zii\widgets\CBaseListView.php(149): CBaseListView->renderContent()
#14 C:\xampp\htdocs\donation\framework\web\CBaseController.php(181): CBaseListView->run()
#15 C:\xampp\htdocs\donation\protected\modules\admin\views\visits\donations.php(67): CBaseController->widget('zii.widgets.gri...', Array)
#16 C:\xampp\htdocs\donation\framework\web\CBaseController.php(126): require('C:\xampp\htdocs...')
#17 C:\xampp\htdocs\donation\framework\web\CBaseController.php(95): CBaseController->renderInternal('C:\xampp\htdocs...', Array, true)
#18 C:\xampp\htdocs\donation\framework\web\CController.php(869): CBaseController->renderFile('C:\xampp\htdocs...', Array, true)
#19 C:\xampp\htdocs\donation\framework\web\CController.php(782): CController->renderPartial('donations', Array, true)
#20 C:\xampp\htdocs\donation\protected\modules\admin\controllers\VisitsController.php(109): CController->render('donations', Array)
#21 [internal function]: VisitsController->actionDetails('ea8a71f5-03ab-9...')
#22 C:\xampp\htdocs\donation\framework\web\actions\CAction.php(109): ReflectionMethod->invokeArgs(Object(VisitsController), Array)
#23 C:\xampp\htdocs\donation\framework\web\actions\CInlineAction.php(47): CAction->runWithParamsInternal(Object(VisitsController), Object(ReflectionMethod), Array)
#24 C:\xampp\htdocs\donation\framework\web\CController.php(308): CInlineAction->runWithParams(Array)
#25 C:\xampp\htdocs\donation\framework\web\filters\CFilterChain.php(133): CController->runAction(Object(CInlineAction))
#26 C:\xampp\htdocs\donation\framework\web\filters\CFilter.php(40): CFilterChain->run()
#27 C:\xampp\htdocs\donation\framework\web\CController.php(1145): CFilter->filter(Object(CFilterChain))
#28 C:\xampp\htdocs\donation\framework\web\filters\CInlineFilter.php(58): CController->filterAccessControl(Object(CFilterChain))
#29 C:\xampp\htdocs\donation\framework\web\filters\CFilterChain.php(130): CInlineFilter->filter(Object(CFilterChain))
#30 C:\xampp\htdocs\donation\framework\web\CController.php(291): CFilterChain->run()
#31 C:\xampp\htdocs\donation\framework\web\CController.php(265): CController->runActionWithFilters(Object(CInlineAction), Array)
#32 C:\xampp\htdocs\donation\framework\web\CWebApplication.php(282): CController->run('details')
#33 C:\xampp\htdocs\donation\framework\web\CWebApplication.php(141): CWebApplication->runController('admin/visits/de...')
#34 C:\xampp\htdocs\donation\framework\base\CApplication.php(184): CWebApplication->processRequest()
#35 C:\xampp\htdocs\donation\index.php(13): CApplication->run()
#36 {main}
REQUEST_URI=/donation/index.php/admin/visits/details?id=ea8a71f5-03ab-9074-60b3-564c3862dd6f
HTTP_REFERER=http://localhost/donation/index.php/admin/visits/search
---
