
2016/02/03 17:45:03 [error] [exception.CHttpException.404] exception 'CHttpException' with message 'Unable to resolve the request "tpl/default/demo/dashboard.html".' in C:\xampp\htdocs\donation\framework\web\CWebApplication.php:286
Stack trace:
#0 C:\xampp\htdocs\donation\framework\web\CWebApplication.php(141): CWebApplication->runController('tpl/default/dem...')
#1 C:\xampp\htdocs\donation\framework\base\CApplication.php(184): CWebApplication->processRequest()
#2 C:\xampp\htdocs\donation\index.php(13): CApplication->run()
#3 {main}
REQUEST_URI=/donation/tpl/demo/dashboard.html
HTTP_REFERER=http://localhost/donation/user
---
2016/02/03 18:11:31 [error] [exception.CHttpException.404] exception 'CHttpException' with message 'The system is unable to find the requested action "default".' in C:\xampp\htdocs\donation\framework\web\CController.php:483
Stack trace:
#0 C:\xampp\htdocs\donation\framework\web\CController.php(270): CController->missingAction('default')
#1 C:\xampp\htdocs\donation\framework\web\CWebApplication.php(282): CController->run('default')
#2 C:\xampp\htdocs\donation\framework\web\CWebApplication.php(141): CWebApplication->runController('site/default/lo...')
#3 C:\xampp\htdocs\donation\framework\base\CApplication.php(184): CWebApplication->processRequest()
#4 C:\xampp\htdocs\donation\index.php(13): CApplication->run()
#5 {main}
REQUEST_URI=/donation/index.php/site/login
HTTP_REFERER=http://localhost/donation/index.php/admin/donation/manage?Donation%5Buser_id%5D=43396ef6-2ca8-903d-5df4-56503e090126&Donation%5Bsolicitor_id%5D=&Donation%5Bvisit_id%5D=&Donation%5Bamount%5D=&Donation%5Bmobile%5D=&Donation%5Bmode%5D=cash&yt0=Search
---
2016/02/03 18:11:32 [error] [exception.CHttpException.404] exception 'CHttpException' with message 'The system is unable to find the requested action "default".' in C:\xampp\htdocs\donation\framework\web\CController.php:483
Stack trace:
#0 C:\xampp\htdocs\donation\framework\web\CController.php(270): CController->missingAction('default')
#1 C:\xampp\htdocs\donation\framework\web\CWebApplication.php(282): CController->run('default')
#2 C:\xampp\htdocs\donation\framework\web\CWebApplication.php(141): CWebApplication->runController('site/default/tp...')
#3 C:\xampp\htdocs\donation\framework\base\CApplication.php(184): CWebApplication->processRequest()
#4 C:\xampp\htdocs\donation\index.php(13): CApplication->run()
#5 {main}
REQUEST_URI=/donation/index.php/site/tpl/demo/dashboard.html
HTTP_REFERER=http://localhost/donation/index.php/site/login
---
2016/02/07 07:43:50 [error] [exception.CHttpException.404] exception 'CHttpException' with message 'Unable to resolve the request "tpl/default/demo/dashboard.html".' in C:\xampp\htdocs\donation\framework\web\CWebApplication.php:286
Stack trace:
#0 C:\xampp\htdocs\donation\framework\web\CWebApplication.php(141): CWebApplication->runController('tpl/default/dem...')
#1 C:\xampp\htdocs\donation\framework\base\CApplication.php(184): CWebApplication->processRequest()
#2 C:\xampp\htdocs\donation\index.php(13): CApplication->run()
#3 {main}
REQUEST_URI=/donation/index.php/tpl/demo/dashboard.html
HTTP_REFERER=http://localhost/donation/index.php/user
---
2016/03/08 03:04:21 [error] [exception.CHttpException.404] exception 'CHttpException' with message 'Unable to resolve the request "tpl/default/demo/dashboard.html".' in C:\xampp\htdocs\donation\framework\web\CWebApplication.php:286
Stack trace:
#0 C:\xampp\htdocs\donation\framework\web\CWebApplication.php(141): CWebApplication->runController('tpl/default/dem...')
#1 C:\xampp\htdocs\donation\framework\base\CApplication.php(184): CWebApplication->processRequest()
#2 C:\xampp\htdocs\donation\index.php(13): CApplication->run()
#3 {main}
REQUEST_URI=/donation/tpl/demo/dashboard.html
HTTP_REFERER=http://localhost/donation/user
---
2016/03/08 03:04:44 [error] [exception.CHttpException.404] exception 'CHttpException' with message 'Unable to resolve the request "tpl/default/demo/dashboard.html".' in C:\xampp\htdocs\donation\framework\web\CWebApplication.php:286
Stack trace:
#0 C:\xampp\htdocs\donation\framework\web\CWebApplication.php(141): CWebApplication->runController('tpl/default/dem...')
#1 C:\xampp\htdocs\donation\framework\base\CApplication.php(184): CWebApplication->processRequest()
#2 C:\xampp\htdocs\donation\index.php(13): CApplication->run()
#3 {main}
REQUEST_URI=/donation/tpl/demo/dashboard.html
HTTP_REFERER=http://localhost/donation/user
---
2016/03/08 03:04:55 [error] [exception.CHttpException.404] exception 'CHttpException' with message 'Unable to resolve the request "tpl/default/demo/dashboard.html".' in C:\xampp\htdocs\donation\framework\web\CWebApplication.php:286
Stack trace:
#0 C:\xampp\htdocs\donation\framework\web\CWebApplication.php(141): CWebApplication->runController('tpl/default/dem...')
#1 C:\xampp\htdocs\donation\framework\base\CApplication.php(184): CWebApplication->processRequest()
#2 C:\xampp\htdocs\donation\index.php(13): CApplication->run()
#3 {main}
REQUEST_URI=/donation/tpl/demo/dashboard.html
HTTP_REFERER=http://localhost/donation/user
---
2016/03/08 03:05:02 [error] [exception.CHttpException.404] exception 'CHttpException' with message 'Unable to resolve the request "tpl/default/demo/dashboard.html".' in C:\xampp\htdocs\donation\framework\web\CWebApplication.php:286
Stack trace:
#0 C:\xampp\htdocs\donation\framework\web\CWebApplication.php(141): CWebApplication->runController('tpl/default/dem...')
#1 C:\xampp\htdocs\donation\framework\base\CApplication.php(184): CWebApplication->processRequest()
#2 C:\xampp\htdocs\donation\index.php(13): CApplication->run()
#3 {main}
REQUEST_URI=/donation/tpl/demo/dashboard.html
HTTP_REFERER=http://localhost/donation/user
---
2016/03/08 03:05:35 [error] [exception.CHttpException.404] exception 'CHttpException' with message 'The system is unable to find the requested action "tpl".' in C:\xampp\htdocs\donation\framework\web\CController.php:483
Stack trace:
#0 C:\xampp\htdocs\donation\framework\web\CController.php(270): CController->missingAction('tpl')
#1 C:\xampp\htdocs\donation\framework\web\CWebApplication.php(282): CController->run('tpl')
#2 C:\xampp\htdocs\donation\framework\web\CWebApplication.php(141): CWebApplication->runController('user/default/tp...')
#3 C:\xampp\htdocs\donation\framework\base\CApplication.php(184): CWebApplication->processRequest()
#4 C:\xampp\htdocs\donation\index.php(13): CApplication->run()
#5 {main}
REQUEST_URI=/donation/index.php/user/default/tpl/demo/dashboard.html
HTTP_REFERER=http://localhost/donation/index.php/user/default/accountsummary
---
2016/04/16 05:48:02 [error] [php] Trying to get property of non-object (C:\xampp\htdocs\donation\protected\modules\user\views\default\account_summary.php:23)
Stack trace:
#0 C:\xampp\htdocs\donation\framework\web\CController.php(869): DefaultController->renderFile()
#1 C:\xampp\htdocs\donation\framework\web\CController.php(782): DefaultController->renderPartial()
#2 C:\xampp\htdocs\donation\protected\modules\user\controllers\DefaultController.php(91): DefaultController->render()
#3 C:\xampp\htdocs\donation\framework\web\actions\CInlineAction.php(49): DefaultController->actionAccountSummary()
#4 C:\xampp\htdocs\donation\framework\web\CController.php(308): CInlineAction->runWithParams()
#5 C:\xampp\htdocs\donation\framework\web\CController.php(286): DefaultController->runAction()
#6 C:\xampp\htdocs\donation\framework\web\CController.php(265): DefaultController->runActionWithFilters()
#7 C:\xampp\htdocs\donation\framework\web\CWebApplication.php(282): DefaultController->run()
#8 C:\xampp\htdocs\donation\framework\web\CWebApplication.php(141): CWebApplication->runController()
#9 C:\xampp\htdocs\donation\framework\base\CApplication.php(184): CWebApplication->processRequest()
#10 C:\xampp\htdocs\donation\index.php(13): CWebApplication->run()
REQUEST_URI=/donation/index.php/user/default/accountsummary
in C:\xampp\htdocs\donation\protected\modules\user\views\default\account_summary.php (23)
in C:\xampp\htdocs\donation\protected\modules\user\controllers\DefaultController.php (91)
in C:\xampp\htdocs\donation\index.php (13)
2016/04/16 05:48:04 [error] [exception.CHttpException.404] exception 'CHttpException' with message 'The system is unable to find the requested action "tpl".' in C:\xampp\htdocs\donation\framework\web\CController.php:483
Stack trace:
#0 C:\xampp\htdocs\donation\framework\web\CController.php(270): CController->missingAction('tpl')
#1 C:\xampp\htdocs\donation\framework\web\CWebApplication.php(282): CController->run('tpl')
#2 C:\xampp\htdocs\donation\framework\web\CWebApplication.php(141): CWebApplication->runController('user/default/tp...')
#3 C:\xampp\htdocs\donation\framework\base\CApplication.php(184): CWebApplication->processRequest()
#4 C:\xampp\htdocs\donation\index.php(13): CApplication->run()
#5 {main}
REQUEST_URI=/donation/index.php/user/default/tpl/demo/dashboard.html
HTTP_REFERER=http://localhost/donation/index.php/user/default/accountsummary
---
2016/04/16 05:48:13 [error] [exception.CHttpException.404] exception 'CHttpException' with message 'The system is unable to find the requested action "tpl".' in C:\xampp\htdocs\donation\framework\web\CController.php:483
Stack trace:
#0 C:\xampp\htdocs\donation\framework\web\CController.php(270): CController->missingAction('tpl')
#1 C:\xampp\htdocs\donation\framework\web\CWebApplication.php(282): CController->run('tpl')
#2 C:\xampp\htdocs\donation\framework\web\CWebApplication.php(141): CWebApplication->runController('user/default/tp...')
#3 C:\xampp\htdocs\donation\framework\base\CApplication.php(184): CWebApplication->processRequest()
#4 C:\xampp\htdocs\donation\index.php(13): CApplication->run()
#5 {main}
REQUEST_URI=/donation/index.php/user/default/tpl/demo/dashboard.html
HTTP_REFERER=http://localhost/donation/index.php/user/default/login
---
2016/04/17 08:33:00 [error] [exception.CHttpException.404] exception 'CHttpException' with message 'The system is unable to find the requested action "tpl".' in C:\xampp\htdocs\donation\framework\web\CController.php:483
Stack trace:
#0 C:\xampp\htdocs\donation\framework\web\CController.php(270): CController->missingAction('tpl')
#1 C:\xampp\htdocs\donation\framework\web\CWebApplication.php(282): CController->run('tpl')
#2 C:\xampp\htdocs\donation\framework\web\CWebApplication.php(141): CWebApplication->runController('user/default/tp...')
#3 C:\xampp\htdocs\donation\framework\base\CApplication.php(184): CWebApplication->processRequest()
#4 C:\xampp\htdocs\donation\index.php(13): CApplication->run()
#5 {main}
REQUEST_URI=/donation/user/default/tpl/demo/dashboard.html
HTTP_REFERER=http://localhost/donation/user/default/login
---
2016/04/17 08:33:37 [error] [exception.CHttpException.404] exception 'CHttpException' with message 'The system is unable to find the requested action "tpl".' in C:\xampp\htdocs\donation\framework\web\CController.php:483
Stack trace:
#0 C:\xampp\htdocs\donation\framework\web\CController.php(270): CController->missingAction('tpl')
#1 C:\xampp\htdocs\donation\framework\web\CWebApplication.php(282): CController->run('tpl')
#2 C:\xampp\htdocs\donation\framework\web\CWebApplication.php(141): CWebApplication->runController('user/default/tp...')
#3 C:\xampp\htdocs\donation\framework\base\CApplication.php(184): CWebApplication->processRequest()
#4 C:\xampp\htdocs\donation\index.php(13): CApplication->run()
#5 {main}
REQUEST_URI=/donation/user/default/tpl/demo/dashboard.html
HTTP_REFERER=http://localhost/donation/user/default/login
---
2016/04/17 08:33:55 [error] [exception.CHttpException.404] exception 'CHttpException' with message 'The system is unable to find the requested action "tpl".' in C:\xampp\htdocs\donation\framework\web\CController.php:483
Stack trace:
#0 C:\xampp\htdocs\donation\framework\web\CController.php(270): CController->missingAction('tpl')
#1 C:\xampp\htdocs\donation\framework\web\CWebApplication.php(282): CController->run('tpl')
#2 C:\xampp\htdocs\donation\framework\web\CWebApplication.php(141): CWebApplication->runController('user/default/tp...')
#3 C:\xampp\htdocs\donation\framework\base\CApplication.php(184): CWebApplication->processRequest()
#4 C:\xampp\htdocs\donation\index.php(13): CApplication->run()
#5 {main}
REQUEST_URI=/donation/user/default/tpl/demo/dashboard.html
HTTP_REFERER=http://localhost/donation/user/default/login
---
2016/04/17 08:34:38 [error] [exception.CHttpException.404] exception 'CHttpException' with message 'The system is unable to find the requested action "tpl".' in C:\xampp\htdocs\donation\framework\web\CController.php:483
Stack trace:
#0 C:\xampp\htdocs\donation\framework\web\CController.php(270): CController->missingAction('tpl')
#1 C:\xampp\htdocs\donation\framework\web\CWebApplication.php(282): CController->run('tpl')
#2 C:\xampp\htdocs\donation\framework\web\CWebApplication.php(141): CWebApplication->runController('user/default/tp...')
#3 C:\xampp\htdocs\donation\framework\base\CApplication.php(184): CWebApplication->processRequest()
#4 C:\xampp\htdocs\donation\index.php(13): CApplication->run()
#5 {main}
REQUEST_URI=/donation/user/default/tpl/demo/dashboard.html
HTTP_REFERER=http://localhost/donation/user/default/login
---
2016/04/17 08:35:19 [error] [exception.CHttpException.404] exception 'CHttpException' with message 'The system is unable to find the requested action "tpl".' in C:\xampp\htdocs\donation\framework\web\CController.php:483
Stack trace:
#0 C:\xampp\htdocs\donation\framework\web\CController.php(270): CController->missingAction('tpl')
#1 C:\xampp\htdocs\donation\framework\web\CWebApplication.php(282): CController->run('tpl')
#2 C:\xampp\htdocs\donation\framework\web\CWebApplication.php(141): CWebApplication->runController('user/default/tp...')
#3 C:\xampp\htdocs\donation\framework\base\CApplication.php(184): CWebApplication->processRequest()
#4 C:\xampp\htdocs\donation\index.php(13): CApplication->run()
#5 {main}
REQUEST_URI=/donation/user/default/tpl/demo/dashboard.html
HTTP_REFERER=http://localhost/donation/user/default/login
---
2016/04/17 08:35:37 [error] [exception.CHttpException.404] exception 'CHttpException' with message 'The system is unable to find the requested action "tpl".' in C:\xampp\htdocs\donation\framework\web\CController.php:483
Stack trace:
#0 C:\xampp\htdocs\donation\framework\web\CController.php(270): CController->missingAction('tpl')
#1 C:\xampp\htdocs\donation\framework\web\CWebApplication.php(282): CController->run('tpl')
#2 C:\xampp\htdocs\donation\framework\web\CWebApplication.php(141): CWebApplication->runController('user/default/tp...')
#3 C:\xampp\htdocs\donation\framework\base\CApplication.php(184): CWebApplication->processRequest()
#4 C:\xampp\htdocs\donation\index.php(13): CApplication->run()
#5 {main}
REQUEST_URI=/donation/user/default/tpl/demo/dashboard.html
HTTP_REFERER=http://localhost/donation/user/default/login
---
2016/04/17 08:35:41 [error] [exception.CHttpException.404] exception 'CHttpException' with message 'The system is unable to find the requested action "tpl".' in C:\xampp\htdocs\donation\framework\web\CController.php:483
Stack trace:
#0 C:\xampp\htdocs\donation\framework\web\CController.php(270): CController->missingAction('tpl')
#1 C:\xampp\htdocs\donation\framework\web\CWebApplication.php(282): CController->run('tpl')
#2 C:\xampp\htdocs\donation\framework\web\CWebApplication.php(141): CWebApplication->runController('user/default/tp...')
#3 C:\xampp\htdocs\donation\framework\base\CApplication.php(184): CWebApplication->processRequest()
#4 C:\xampp\htdocs\donation\index.php(13): CApplication->run()
#5 {main}
REQUEST_URI=/donation/user/default/tpl/demo/dashboard.html
HTTP_REFERER=http://localhost/donation/user/default/login
---
2016/04/17 08:36:05 [error] [exception.CHttpException.404] exception 'CHttpException' with message 'The system is unable to find the requested action "tpl".' in C:\xampp\htdocs\donation\framework\web\CController.php:483
Stack trace:
#0 C:\xampp\htdocs\donation\framework\web\CController.php(270): CController->missingAction('tpl')
#1 C:\xampp\htdocs\donation\framework\web\CWebApplication.php(282): CController->run('tpl')
#2 C:\xampp\htdocs\donation\framework\web\CWebApplication.php(141): CWebApplication->runController('user/default/tp...')
#3 C:\xampp\htdocs\donation\framework\base\CApplication.php(184): CWebApplication->processRequest()
#4 C:\xampp\htdocs\donation\index.php(13): CApplication->run()
#5 {main}
REQUEST_URI=/donation/user/default/tpl/demo/dashboard.html
HTTP_REFERER=http://localhost/donation/user/default/login
---
2016/04/17 08:36:10 [error] [exception.CHttpException.404] exception 'CHttpException' with message 'The system is unable to find the requested action "tpl".' in C:\xampp\htdocs\donation\framework\web\CController.php:483
Stack trace:
#0 C:\xampp\htdocs\donation\framework\web\CController.php(270): CController->missingAction('tpl')
#1 C:\xampp\htdocs\donation\framework\web\CWebApplication.php(282): CController->run('tpl')
#2 C:\xampp\htdocs\donation\framework\web\CWebApplication.php(141): CWebApplication->runController('user/default/tp...')
#3 C:\xampp\htdocs\donation\framework\base\CApplication.php(184): CWebApplication->processRequest()
#4 C:\xampp\htdocs\donation\index.php(13): CApplication->run()
#5 {main}
REQUEST_URI=/donation/index.php/user/default/tpl/demo/dashboard.html
HTTP_REFERER=http://localhost/donation/index.php/user/default/accountsummary
---
2016/04/17 08:36:17 [error] [exception.CHttpException.404] exception 'CHttpException' with message 'Unable to resolve the request "user/tpl/demo/dashboard.html".' in C:\xampp\htdocs\donation\framework\web\CWebApplication.php:286
Stack trace:
#0 C:\xampp\htdocs\donation\framework\web\CWebApplication.php(141): CWebApplication->runController('user/tpl/demo/d...')
#1 C:\xampp\htdocs\donation\framework\base\CApplication.php(184): CWebApplication->processRequest()
#2 C:\xampp\htdocs\donation\index.php(13): CApplication->run()
#3 {main}
REQUEST_URI=/donation/user/tpl/demo/dashboard.html
HTTP_REFERER=http://localhost/donation/user/activity
---
2016/04/17 08:36:24 [error] [exception.CHttpException.404] exception 'CHttpException' with message 'Unable to resolve the request "themes/default/front/assets/images/resource/profile-bg.jpg".' in C:\xampp\htdocs\donation\framework\web\CWebApplication.php:286
Stack trace:
#0 C:\xampp\htdocs\donation\framework\web\CWebApplication.php(141): CWebApplication->runController('themes/default/...')
#1 C:\xampp\htdocs\donation\framework\base\CApplication.php(184): CWebApplication->processRequest()
#2 C:\xampp\htdocs\donation\index.php(13): CApplication->run()
#3 {main}
REQUEST_URI=/donation/themes/front/assets/images/resource/profile-bg.jpg
HTTP_REFERER=http://localhost/donation/themes/front/assets/css/pages.css
---
2016/04/17 08:36:24 [error] [exception.CHttpException.404] exception 'CHttpException' with message 'Unable to resolve the request "user/tpl/demo/dashboard.html".' in C:\xampp\htdocs\donation\framework\web\CWebApplication.php:286
Stack trace:
#0 C:\xampp\htdocs\donation\framework\web\CWebApplication.php(141): CWebApplication->runController('user/tpl/demo/d...')
#1 C:\xampp\htdocs\donation\framework\base\CApplication.php(184): CWebApplication->processRequest()
#2 C:\xampp\htdocs\donation\index.php(13): CApplication->run()
#3 {main}
REQUEST_URI=/donation/user/tpl/demo/dashboard.html
HTTP_REFERER=http://localhost/donation/user/settings
---
2016/04/17 08:36:26 [error] [exception.CHttpException.404] exception 'CHttpException' with message 'Unable to resolve the request "user/tpl/demo/user_address.html".' in C:\xampp\htdocs\donation\framework\web\CWebApplication.php:286
Stack trace:
#0 C:\xampp\htdocs\donation\framework\web\CWebApplication.php(141): CWebApplication->runController('user/tpl/demo/u...')
#1 C:\xampp\htdocs\donation\framework\base\CApplication.php(184): CWebApplication->processRequest()
#2 C:\xampp\htdocs\donation\index.php(13): CApplication->run()
#3 {main}
REQUEST_URI=/donation/user/tpl/demo/user_address.html
HTTP_REFERER=http://localhost/donation/user/settings
---
2016/04/17 08:39:24 [error] [exception.CHttpException.404] exception 'CHttpException' with message 'Unable to resolve the request "user/tpl/demo/user_address.html".' in C:\xampp\htdocs\donation\framework\web\CWebApplication.php:286
Stack trace:
#0 C:\xampp\htdocs\donation\framework\web\CWebApplication.php(141): CWebApplication->runController('user/tpl/demo/u...')
#1 C:\xampp\htdocs\donation\framework\base\CApplication.php(184): CWebApplication->processRequest()
#2 C:\xampp\htdocs\donation\index.php(13): CApplication->run()
#3 {main}
REQUEST_URI=/donation/user/tpl/demo/user_address.html
HTTP_REFERER=http://localhost/donation/user/settings
---
2016/04/17 09:11:15 [error] [exception.CHttpException.404] exception 'CHttpException' with message 'Unable to resolve the request "user/tpl/demo/primary_email.html".' in C:\xampp\htdocs\donation\framework\web\CWebApplication.php:286
Stack trace:
#0 C:\xampp\htdocs\donation\framework\web\CWebApplication.php(141): CWebApplication->runController('user/tpl/demo/p...')
#1 C:\xampp\htdocs\donation\framework\base\CApplication.php(184): CWebApplication->processRequest()
#2 C:\xampp\htdocs\donation\index.php(13): CApplication->run()
#3 {main}
REQUEST_URI=/donation/user/tpl/demo/primary_email.html
HTTP_REFERER=http://localhost/donation/user/settings
---
2016/04/17 09:15:18 [error] [exception.CHttpException.404] exception 'CHttpException' with message 'Unable to resolve the request "user/tpl/demo/user_address.html".' in C:\xampp\htdocs\donation\framework\web\CWebApplication.php:286
Stack trace:
#0 C:\xampp\htdocs\donation\framework\web\CWebApplication.php(141): CWebApplication->runController('user/tpl/demo/u...')
#1 C:\xampp\htdocs\donation\framework\base\CApplication.php(184): CWebApplication->processRequest()
#2 C:\xampp\htdocs\donation\index.php(13): CApplication->run()
#3 {main}
REQUEST_URI=/donation/user/tpl/demo/user_address.html
HTTP_REFERER=http://localhost/donation/user/settings
---
